#
# There is insufficient memory for the Java Runtime Environment to continue.
# Native memory allocation (malloc) failed to allocate 908016 bytes for Chunk::new
# Possible reasons:
#   The system is out of physical RAM or swap space
#   The process is running with CompressedOops enabled, and the Java Heap may be blocking the growth of the native heap
# Possible solutions:
#   Reduce memory load on the system
#   Increase physical memory or swap space
#   Check if swap backing store is full
#   Decrease Java heap size (-Xmx/-Xms)
#   Decrease number of Java threads
#   Decrease Java thread stack sizes (-Xss)
#   Set larger code cache with -XX:ReservedCodeCacheSize=
#   JVM is running with Unscaled Compressed Oops mode in which the Java heap is
#     placed in the first 4GB address space. The Java Heap base address is the
#     maximum limit for the native heap growth. Please use -XX:HeapBaseMinAddress
#     to set the Java Heap base and to place the Java Heap above 4GB virtual address.
# This output file may be truncated or incomplete.
#
#  Out of Memory Error (allocation.cpp:390), pid=31084, tid=0x0000000000008454
#
# JRE version: Java(TM) SE Runtime Environment (8.0_201-b09) (build 1.8.0_201-b09)
# Java VM: Java HotSpot(TM) 64-Bit Server VM (25.201-b09 mixed mode windows-amd64 compressed oops)
# Failed to write core dump. Minidumps are not enabled by default on client versions of Windows
#

---------------  T H R E A D  ---------------

Current thread (0x0000000019c2b000):  JavaThread "C2 CompilerThread0" daemon [_thread_in_native, id=33876, stack(0x000000001a4f0000,0x000000001a5f0000)]

Stack: [0x000000001a4f0000,0x000000001a5f0000]
[error occurred during error reporting (printing stack bounds), id 0xc0000005]

Native frames: (J=compiled Java code, j=interpreted, Vv=VM code, C=native code)


Current CompileTask:
C2:  23874 3018       4       java.lang.ClassLoader::loadClass (7 bytes)


---------------  P R O C E S S  ---------------

Java Threads: ( => current thread )
  0x0000000021584800 JavaThread "Executor task launch worker-0" daemon [_thread_in_native, id=34264, stack(0x0000000024da0000,0x0000000024ea0000)]
  0x0000000021586000 JavaThread "SparkListenerBus" daemon [_thread_blocked, id=34260, stack(0x00000000246a0000,0x00000000247a0000)]
  0x000000002158a800 JavaThread "Spark Context Cleaner" daemon [_thread_blocked, id=34256, stack(0x00000000245a0000,0x00000000246a0000)]
  0x0000000021587000 JavaThread "shuffle-server-0" daemon [_thread_in_native, id=34244, stack(0x00000000244a0000,0x00000000245a0000)]
  0x000000002157d000 JavaThread "driver-heartbeater" daemon [_thread_blocked, id=34236, stack(0x0000000023cf0000,0x0000000023df0000)]
  0x0000000021584000 JavaThread "dag-scheduler-event-loop" daemon [_thread_blocked, id=34232, stack(0x0000000023bf0000,0x0000000023cf0000)]
  0x000000002157c000 JavaThread "Timer-0" daemon [_thread_blocked, id=34228, stack(0x0000000023af0000,0x0000000023bf0000)]
  0x0000000021583000 JavaThread "heartbeat-receiver-event-loop-thread" daemon [_thread_blocked, id=34224, stack(0x00000000239f0000,0x0000000023af0000)]
  0x000000002157f800 JavaThread "qtp613086777-57" daemon [_thread_blocked, id=34220, stack(0x0000000022920000,0x0000000022a20000)]
  0x0000000021582800 JavaThread "qtp613086777-56" daemon [_thread_blocked, id=34216, stack(0x0000000022820000,0x0000000022920000)]
  0x0000000021581800 JavaThread "qtp613086777-55" daemon [_thread_blocked, id=34212, stack(0x0000000022720000,0x0000000022820000)]
  0x0000000021581000 JavaThread "qtp613086777-54" daemon [_thread_blocked, id=34208, stack(0x0000000022620000,0x0000000022720000)]
  0x000000002157e800 JavaThread "qtp613086777-53 Acceptor1 SelectChannelConnector@0.0.0.0:4040" daemon [_thread_in_native, id=34204, stack(0x0000000022520000,0x0000000022620000)]
  0x000000002157d800 JavaThread "qtp613086777-52 Acceptor0 SelectChannelConnector@0.0.0.0:4040" daemon [_thread_blocked, id=34200, stack(0x0000000022420000,0x0000000022520000)]
  0x000000002157b800 JavaThread "qtp613086777-51 Selector1" daemon [_thread_in_native, id=34196, stack(0x0000000022320000,0x0000000022420000)]
  0x0000000021580000 JavaThread "qtp613086777-50 Selector0" daemon [_thread_in_native, id=34192, stack(0x0000000022220000,0x0000000022320000)]
  0x000000001d899000 JavaThread "SPARK_CONTEXT cleanup timer" daemon [_thread_blocked, id=34188, stack(0x0000000021f20000,0x0000000022020000)]
  0x000000001d896000 JavaThread "qtp462546458-47" daemon [_thread_blocked, id=34184, stack(0x0000000020e50000,0x0000000020f50000)]
  0x000000001d89a800 JavaThread "qtp462546458-46" daemon [_thread_blocked, id=34180, stack(0x0000000020d50000,0x0000000020e50000)]
  0x000000001d897800 JavaThread "qtp462546458-45" daemon [_thread_blocked, id=34176, stack(0x0000000020c50000,0x0000000020d50000)]
  0x000000001d896800 JavaThread "qtp462546458-44" daemon [_thread_blocked, id=34172, stack(0x0000000020b50000,0x0000000020c50000)]
  0x000000001d899800 JavaThread "qtp462546458-43" daemon [_thread_blocked, id=34168, stack(0x0000000020a50000,0x0000000020b50000)]
  0x000000001d898000 JavaThread "qtp462546458-42" daemon [_thread_blocked, id=34164, stack(0x0000000020950000,0x0000000020a50000)]
  0x000000001d895000 JavaThread "qtp462546458-41" daemon [_thread_blocked, id=34160, stack(0x0000000020850000,0x0000000020950000)]
  0x000000001d89c000 JavaThread "qtp462546458-40 Acceptor0 SocketConnector@0.0.0.0:58305" daemon [_thread_in_native, id=34156, stack(0x0000000020750000,0x0000000020850000)]
  0x000000001d89b000 JavaThread "BROADCAST_VARS cleanup timer" daemon [_thread_blocked, id=34152, stack(0x0000000020650000,0x0000000020750000)]
  0x000000001d861000 JavaThread "BLOCK_MANAGER cleanup timer" daemon [_thread_blocked, id=34148, stack(0x0000000020550000,0x0000000020650000)]
  0x000000001d85e000 JavaThread "MAP_OUTPUT_TRACKER cleanup timer" daemon [_thread_blocked, id=34144, stack(0x0000000020250000,0x0000000020350000)]
  0x000000001d862800 JavaThread "New I/O server boss #6" daemon [_thread_in_native, id=34140, stack(0x0000000020150000,0x0000000020250000)]
  0x000000001d85c800 JavaThread "New I/O worker #5" daemon [_thread_in_native, id=34136, stack(0x0000000020050000,0x0000000020150000)]
  0x000000001d85f800 JavaThread "New I/O worker #4" daemon [_thread_in_native, id=34132, stack(0x000000001ff50000,0x0000000020050000)]
  0x000000001d85f000 JavaThread "New I/O boss #3" daemon [_thread_in_native, id=34128, stack(0x000000001fe50000,0x000000001ff50000)]
  0x000000001d860800 JavaThread "New I/O worker #2" daemon [_thread_in_native, id=34124, stack(0x000000001fd50000,0x000000001fe50000)]
  0x000000001d863800 JavaThread "New I/O worker #1" daemon [_thread_in_native, id=34120, stack(0x000000001fc50000,0x000000001fd50000)]
  0x000000001d85d800 JavaThread "sparkDriver-akka.remote.default-remote-dispatcher-6" daemon [_thread_blocked, id=34116, stack(0x000000001f950000,0x000000001fa50000)]
  0x000000001d862000 JavaThread "sparkDriver-akka.remote.default-remote-dispatcher-5" daemon [_thread_blocked, id=34112, stack(0x000000001f850000,0x000000001f950000)]
  0x000000001d824800 JavaThread "sparkDriver-akka.actor.default-dispatcher-4" daemon [_thread_blocked, id=34108, stack(0x000000001f750000,0x000000001f850000)]
  0x000000001d81e800 JavaThread "sparkDriver-akka.actor.default-dispatcher-3" daemon [_thread_blocked, id=34104, stack(0x000000001f650000,0x000000001f750000)]
  0x000000001d80f000 JavaThread "sparkDriver-akka.actor.default-dispatcher-2" daemon [_thread_blocked, id=34100, stack(0x000000001f550000,0x000000001f650000)]
  0x000000001d9d3800 JavaThread "sparkDriver-scheduler-1" daemon [_thread_blocked, id=34096, stack(0x000000001f250000,0x000000001f350000)]
  0x000000001b219800 JavaThread "TimerQueue" daemon [_thread_blocked, id=34068, stack(0x000000001e740000,0x000000001e840000)]
  0x0000000002d97000 JavaThread "DestroyJavaVM" [_thread_blocked, id=20080, stack(0x0000000002c10000,0x0000000002d10000)]
  0x000000001d080800 JavaThread "Thread-2" [_thread_in_native, id=34000, stack(0x000000001de40000,0x000000001df40000)]
  0x000000001b1f4800 JavaThread "AWT-EventQueue-0" [_thread_blocked, id=33952, stack(0x000000001c0d0000,0x000000001c1d0000)]
  0x000000001b1a4800 JavaThread "AWT-Windows" daemon [_thread_in_native, id=33928, stack(0x000000001b6e0000,0x000000001b7e0000)]
  0x000000001b1a4000 JavaThread "AWT-Shutdown" [_thread_blocked, id=33924, stack(0x000000001b5e0000,0x000000001b6e0000)]
  0x000000001b1a1800 JavaThread "Java2D Disposer" daemon [_thread_blocked, id=33920, stack(0x000000001b430000,0x000000001b530000)]
  0x0000000019cc1800 JavaThread "Service Thread" daemon [_thread_blocked, id=33896, stack(0x000000001a8f0000,0x000000001a9f0000)]
  0x0000000019c3c000 JavaThread "C1 CompilerThread3" daemon [_thread_blocked, id=33888, stack(0x000000001a7f0000,0x000000001a8f0000)]
  0x0000000019c36000 JavaThread "C2 CompilerThread2" daemon [_thread_in_native, id=33884, stack(0x000000001a6f0000,0x000000001a7f0000)]
  0x0000000019c31000 JavaThread "C2 CompilerThread1" daemon [_thread_blocked, id=33880, stack(0x000000001a5f0000,0x000000001a6f0000)]
=>0x0000000019c2b000 JavaThread "C2 CompilerThread0" daemon [_thread_in_native, id=33876, stack(0x000000001a4f0000,0x000000001a5f0000)]
  0x0000000019c28800 JavaThread "Attach Listener" daemon [_thread_blocked, id=33872, stack(0x000000001a3f0000,0x000000001a4f0000)]
  0x0000000019c27000 JavaThread "Signal Dispatcher" daemon [_thread_blocked, id=33868, stack(0x000000001a2f0000,0x000000001a3f0000)]
  0x0000000019c11800 JavaThread "Finalizer" daemon [_thread_blocked, id=33828, stack(0x000000001a0f0000,0x000000001a1f0000)]
  0x0000000019c10800 JavaThread "Reference Handler" daemon [_thread_blocked, id=33824, stack(0x0000000019ff0000,0x000000001a0f0000)]

Other Threads:
  0x0000000017e0a000 VMThread [stack: 0x0000000019af0000,0x0000000019bf0000] [id=33816]
  0x0000000019c96000 WatcherThread [stack: 0x000000001a9f0000,0x000000001aaf0000] [id=33900]

VM state:not at safepoint (normal execution)

VM Mutex/Monitor currently owned by a thread: None

heap address: 0x0000000081c00000, size: 2020 MB, Compressed Oops mode: 32-bit
Narrow klass base: 0x0000000000000000, Narrow klass shift: 3
Compressed class space size: 1073741824 Address: 0x0000000100000000

Heap:
 PSYoungGen      total 62976K, used 36591K [0x00000000d5f00000, 0x00000000dab00000, 0x0000000100000000)
  eden space 49152K, 67% used [0x00000000d5f00000,0x00000000d7f2d958,0x00000000d8f00000)
  from space 13824K, 26% used [0x00000000d9d80000,0x00000000da10e678,0x00000000dab00000)
  to   space 14336K, 0% used [0x00000000d8f00000,0x00000000d8f00000,0x00000000d9d00000)
 ParOldGen       total 66048K, used 16138K [0x0000000081c00000, 0x0000000085c80000, 0x00000000d5f00000)
  object space 66048K, 24% used [0x0000000081c00000,0x0000000082bc2ba8,0x0000000085c80000)
 Metaspace       used 44027K, capacity 44430K, committed 44672K, reserved 1087488K
  class space    used 6348K, capacity 6461K, committed 6528K, reserved 1048576K

Card table byte_map: [0x0000000012250000,0x0000000012650000] byte_map_base: 0x0000000011e42000

Marking Bits: (ParMarkBitMap*) 0x0000000066d44ce0
 Begin Bits: [0x0000000013100000, 0x0000000015090000)
 End Bits:   [0x0000000015090000, 0x0000000017020000)

Polling page: 0x0000000001440000

CodeCache: size=245760Kb used=8166Kb max_used=8247Kb free=237593Kb
 bounds [0x0000000002e90000, 0x00000000036b0000, 0x0000000011e90000]
 total_blobs=3401 nmethods=2745 adapters=568
 compilation: enabled

Compilation events (10 events):
Event: 23.807 Thread 0x0000000019c3c000 3042       3       java.lang.Class::getEnclosingClass (60 bytes)
Event: 23.808 Thread 0x0000000019c3c000 nmethod 3042 0x000000000345da50 code [0x000000000345dc80, 0x000000000345e688]
Event: 23.809 Thread 0x0000000019c3c000 3043       3       java.net.URI::appendEscape (38 bytes)
Event: 23.810 Thread 0x0000000019c3c000 nmethod 3043 0x000000000345b290 code [0x000000000345b520, 0x000000000345caf8]
Event: 23.811 Thread 0x0000000019c3c000 3044       3       java.net.URI$Parser::scanEscape (109 bytes)
Event: 23.812 Thread 0x0000000019c3c000 nmethod 3044 0x0000000003313a90 code [0x0000000003313d20, 0x0000000003314d48]
Event: 23.813 Thread 0x0000000019c3c000 3045       3       java.util.regex.Matcher::start (22 bytes)
Event: 23.814 Thread 0x0000000019c3c000 nmethod 3045 0x000000000345ae10 code [0x000000000345af80, 0x000000000345b1c8]
Event: 23.820 Thread 0x0000000019c31000 3046       4       java.io.File::exists (43 bytes)
Event: 23.824 Thread 0x0000000019c31000 nmethod 3046 0x000000000345a850 code [0x000000000345a9a0, 0x000000000345ac08]

GC Heap History (10 events):
Event: 21.675 GC heap before
{Heap before GC invocations=8 (full 1):
 PSYoungGen      total 50688K, used 40264K [0x00000000d5f00000, 0x00000000dae80000, 0x0000000100000000)
  eden space 33792K, 100% used [0x00000000d5f00000,0x00000000d8000000,0x00000000d8000000)
  from space 16896K, 38% used [0x00000000d8f80000,0x00000000d95d23c8,0x00000000da000000)
  to   space 15872K, 0% used [0x00000000d8000000,0x00000000d8000000,0x00000000d8f80000)
 ParOldGen       total 60928K, used 15336K [0x0000000081c00000, 0x0000000085780000, 0x00000000d5f00000)
  object space 60928K, 25% used [0x0000000081c00000,0x0000000082afa280,0x0000000085780000)
 Metaspace       used 34992K, capacity 35206K, committed 35456K, reserved 1079296K
  class space    used 4879K, capacity 4971K, committed 4992K, reserved 1048576K
Event: 21.680 GC heap after
Heap after GC invocations=8 (full 1):
 PSYoungGen      total 40448K, used 6974K [0x00000000d5f00000, 0x00000000d9c80000, 0x0000000100000000)
  eden space 33280K, 0% used [0x00000000d5f00000,0x00000000d5f00000,0x00000000d7f80000)
  from space 7168K, 97% used [0x00000000d8000000,0x00000000d86cfaf0,0x00000000d8700000)
  to   space 14848K, 0% used [0x00000000d8e00000,0x00000000d8e00000,0x00000000d9c80000)
 ParOldGen       total 60928K, used 15344K [0x0000000081c00000, 0x0000000085780000, 0x00000000d5f00000)
  object space 60928K, 25% used [0x0000000081c00000,0x0000000082afc280,0x0000000085780000)
 Metaspace       used 34992K, capacity 35206K, committed 35456K, reserved 1079296K
  class space    used 4879K, capacity 4971K, committed 4992K, reserved 1048576K
}
Event: 21.702 GC heap before
{Heap before GC invocations=9 (full 1):
 PSYoungGen      total 40448K, used 9663K [0x00000000d5f00000, 0x00000000d9c80000, 0x0000000100000000)
  eden space 33280K, 8% used [0x00000000d5f00000,0x00000000d61a03d0,0x00000000d7f80000)
  from space 7168K, 97% used [0x00000000d8000000,0x00000000d86cfaf0,0x00000000d8700000)
  to   space 14848K, 0% used [0x00000000d8e00000,0x00000000d8e00000,0x00000000d9c80000)
 ParOldGen       total 60928K, used 15344K [0x0000000081c00000, 0x0000000085780000, 0x00000000d5f00000)
  object space 60928K, 25% used [0x0000000081c00000,0x0000000082afc280,0x0000000085780000)
 Metaspace       used 35188K, capacity 35334K, committed 35456K, reserved 1079296K
  class space    used 4899K, capacity 4971K, committed 4992K, reserved 1048576K
Event: 21.705 GC heap after
Heap after GC invocations=9 (full 1):
 PSYoungGen      total 48640K, used 4086K [0x00000000d5f00000, 0x00000000db800000, 0x0000000100000000)
  eden space 33792K, 0% used [0x00000000d5f00000,0x00000000d5f00000,0x00000000d8000000)
  from space 14848K, 27% used [0x00000000d8e00000,0x00000000d91fd998,0x00000000d9c80000)
  to   space 14336K, 0% used [0x00000000d8000000,0x00000000d8000000,0x00000000d8e00000)
 ParOldGen       total 60928K, used 15352K [0x0000000081c00000, 0x0000000085780000, 0x00000000d5f00000)
  object space 60928K, 25% used [0x0000000081c00000,0x0000000082afe280,0x0000000085780000)
 Metaspace       used 35188K, capacity 35334K, committed 35456K, reserved 1079296K
  class space    used 4899K, capacity 4971K, committed 4992K, reserved 1048576K
}
Event: 21.705 GC heap before
{Heap before GC invocations=10 (full 2):
 PSYoungGen      total 48640K, used 4086K [0x00000000d5f00000, 0x00000000db800000, 0x0000000100000000)
  eden space 33792K, 0% used [0x00000000d5f00000,0x00000000d5f00000,0x00000000d8000000)
  from space 14848K, 27% used [0x00000000d8e00000,0x00000000d91fd998,0x00000000d9c80000)
  to   space 14336K, 0% used [0x00000000d8000000,0x00000000d8000000,0x00000000d8e00000)
 ParOldGen       total 60928K, used 15352K [0x0000000081c00000, 0x0000000085780000, 0x00000000d5f00000)
  object space 60928K, 25% used [0x0000000081c00000,0x0000000082afe280,0x0000000085780000)
 Metaspace       used 35188K, capacity 35334K, committed 35456K, reserved 1079296K
  class space    used 4899K, capacity 4971K, committed 4992K, reserved 1048576K
Event: 21.763 GC heap after
Heap after GC invocations=10 (full 2):
 PSYoungGen      total 48640K, used 0K [0x00000000d5f00000, 0x00000000db800000, 0x0000000100000000)
  eden space 33792K, 0% used [0x00000000d5f00000,0x00000000d5f00000,0x00000000d8000000)
  from space 14848K, 0% used [0x00000000d8e00000,0x00000000d8e00000,0x00000000d9c80000)
  to   space 14336K, 0% used [0x00000000d8000000,0x00000000d8000000,0x00000000d8e00000)
 ParOldGen       total 66048K, used 16130K [0x0000000081c00000, 0x0000000085c80000, 0x00000000d5f00000)
  object space 66048K, 24% used [0x0000000081c00000,0x0000000082bc0ba8,0x0000000085c80000)
 Metaspace       used 35188K, capacity 35334K, committed 35456K, reserved 1079296K
  class space    used 4899K, capacity 4971K, committed 4992K, reserved 1048576K
}
Event: 22.145 GC heap before
{Heap before GC invocations=11 (full 2):
 PSYoungGen      total 48640K, used 33792K [0x00000000d5f00000, 0x00000000db800000, 0x0000000100000000)
  eden space 33792K, 100% used [0x00000000d5f00000,0x00000000d8000000,0x00000000d8000000)
  from space 14848K, 0% used [0x00000000d8e00000,0x00000000d8e00000,0x00000000d9c80000)
  to   space 14336K, 0% used [0x00000000d8000000,0x00000000d8000000,0x00000000d8e00000)
 ParOldGen       total 66048K, used 16130K [0x0000000081c00000, 0x0000000085c80000, 0x00000000d5f00000)
  object space 66048K, 24% used [0x0000000081c00000,0x0000000082bc0ba8,0x0000000085c80000)
 Metaspace       used 37216K, capacity 37446K, committed 37632K, reserved 1081344K
  class space    used 5270K, capacity 5355K, committed 5376K, reserved 1048576K
Event: 22.147 GC heap after
Heap after GC invocations=11 (full 2):
 PSYoungGen      total 48128K, used 2679K [0x00000000d5f00000, 0x00000000dab80000, 0x0000000100000000)
  eden space 33792K, 0% used [0x00000000d5f00000,0x00000000d5f00000,0x00000000d8000000)
  from space 14336K, 18% used [0x00000000d8000000,0x00000000d829dd50,0x00000000d8e00000)
  to   space 14336K, 0% used [0x00000000d9d80000,0x00000000d9d80000,0x00000000dab80000)
 ParOldGen       total 66048K, used 16130K [0x0000000081c00000, 0x0000000085c80000, 0x00000000d5f00000)
  object space 66048K, 24% used [0x0000000081c00000,0x0000000082bc0ba8,0x0000000085c80000)
 Metaspace       used 37216K, capacity 37446K, committed 37632K, reserved 1081344K
  class space    used 5270K, capacity 5355K, committed 5376K, reserved 1048576K
}
Event: 22.946 GC heap before
{Heap before GC invocations=12 (full 2):
 PSYoungGen      total 48128K, used 36471K [0x00000000d5f00000, 0x00000000dab80000, 0x0000000100000000)
  eden space 33792K, 100% used [0x00000000d5f00000,0x00000000d8000000,0x00000000d8000000)
  from space 14336K, 18% used [0x00000000d8000000,0x00000000d829dd50,0x00000000d8e00000)
  to   space 14336K, 0% used [0x00000000d9d80000,0x00000000d9d80000,0x00000000dab80000)
 ParOldGen       total 66048K, used 16130K [0x0000000081c00000, 0x0000000085c80000, 0x00000000d5f00000)
  object space 66048K, 24% used [0x0000000081c00000,0x0000000082bc0ba8,0x0000000085c80000)
 Metaspace       used 41056K, capacity 41302K, committed 41600K, reserved 1085440K
  class space    used 5885K, capacity 5959K, committed 6016K, reserved 1048576K
Event: 22.951 GC heap after
Heap after GC invocations=12 (full 2):
 PSYoungGen      total 62976K, used 3641K [0x00000000d5f00000, 0x00000000dab00000, 0x0000000100000000)
  eden space 49152K, 0% used [0x00000000d5f00000,0x00000000d5f00000,0x00000000d8f00000)
  from space 13824K, 26% used [0x00000000d9d80000,0x00000000da10e678,0x00000000dab00000)
  to   space 14336K, 0% used [0x00000000d8f00000,0x00000000d8f00000,0x00000000d9d00000)
 ParOldGen       total 66048K, used 16138K [0x0000000081c00000, 0x0000000085c80000, 0x00000000d5f00000)
  object space 66048K, 24% used [0x0000000081c00000,0x0000000082bc2ba8,0x0000000085c80000)
 Metaspace       used 41056K, capacity 41302K, committed 41600K, reserved 1085440K
  class space    used 5885K, capacity 5959K, committed 6016K, reserved 1048576K
}

Deoptimization events (10 events):
Event: 17.918 Thread 0x000000001b1f4800 Uncommon trap: reason=unloaded action=reinterpret pc=0x000000000345d310 method=java.net.URL.<init>(Ljava/net/URL;Ljava/lang/String;Ljava/net/URLStreamHandler;)V @ 394
Event: 18.244 Thread 0x000000001b1f4800 Uncommon trap: reason=unstable_if action=reinterpret pc=0x0000000002f9fce4 method=java.util.jar.Manifest$FastInputStream.readLine([BII)I @ 87
Event: 18.616 Thread 0x000000001d9d3800 Uncommon trap: reason=unstable_if action=reinterpret pc=0x00000000034515b4 method=akka.dispatch.AbstractNodeQueue.pollNode()Lakka/dispatch/AbstractNodeQueue$Node; @ 20
Event: 21.198 Thread 0x000000001b1f4800 Uncommon trap: reason=unstable_if action=reinterpret pc=0x0000000003515fc8 method=java.util.WeakHashMap.remove(Ljava/lang/Object;)Ljava/lang/Object; @ 94
Event: 22.534 Thread 0x000000001b1f4800 Uncommon trap: reason=predicate action=maybe_recompile pc=0x00000000031d83f0 method=java.util.Arrays.binarySearch0([Ljava/lang/Object;IILjava/lang/Object;Ljava/util/Comparator;)I @ 28
Event: 23.058 Thread 0x000000001b1f4800 Uncommon trap: reason=unstable_if action=reinterpret pc=0x0000000003465a30 method=java.util.jar.JarFile.maybeInstantiateVerifier()V @ 4
Event: 23.126 Thread 0x000000001b1f4800 Uncommon trap: reason=unstable_if action=reinterpret pc=0x000000000330eaa0 method=com.sun.org.apache.xerces.internal.impl.XMLEntityScanner.scanContent(Lcom/sun/org/apache/xerces/internal/xni/XMLString;)I @ 44
Event: 23.151 Thread 0x000000001b1f4800 Uncommon trap: reason=unstable_if action=reinterpret pc=0x00000000035ca084 method=java.util.regex.Pattern.append(II)V @ 6
Event: 23.612 Thread 0x0000000021584000 Uncommon trap: reason=class_check action=maybe_recompile pc=0x00000000030868a8 method=java.util.concurrent.ConcurrentHashMap.putVal(Ljava/lang/Object;Ljava/lang/Object;Z)Ljava/lang/Object; @ 192
Event: 23.614 Thread 0x0000000021584000 Uncommon trap: reason=class_check action=maybe_recompile pc=0x00000000030868a8 method=java.util.concurrent.ConcurrentHashMap.putVal(Ljava/lang/Object;Ljava/lang/Object;Z)Ljava/lang/Object; @ 192

Classes redefined (0 events):
No events

Internal exceptions (10 events):
Event: 23.602 Thread 0x0000000021584000 Exception <a 'java/lang/NoSuchMethodError': <clinit>> (0x00000000d74f9bb8) thrown at [C:\re\workspace\8-2-build-windows-amd64-cygwin\jdk8u201\12322\hotspot\src\share\vm\prims\jni.cpp, line 1613]
Event: 23.602 Thread 0x0000000021584000 Exception <a 'java/lang/NoSuchMethodError': <clinit>> (0x00000000d74fbe58) thrown at [C:\re\workspace\8-2-build-windows-amd64-cygwin\jdk8u201\12322\hotspot\src\share\vm\prims\jni.cpp, line 1613]
Event: 23.602 Thread 0x0000000021584000 Exception <a 'java/lang/NoSuchMethodError': <clinit>> (0x00000000d74feec0) thrown at [C:\re\workspace\8-2-build-windows-amd64-cygwin\jdk8u201\12322\hotspot\src\share\vm\prims\jni.cpp, line 1613]
Event: 23.604 Thread 0x0000000021584000 Exception <a 'java/lang/NoSuchMethodError': <clinit>> (0x00000000d751de80) thrown at [C:\re\workspace\8-2-build-windows-amd64-cygwin\jdk8u201\12322\hotspot\src\share\vm\prims\jni.cpp, line 1613]
Event: 23.605 Thread 0x0000000021584000 Exception <a 'java/lang/NoSuchMethodError': <clinit>> (0x00000000d752e100) thrown at [C:\re\workspace\8-2-build-windows-amd64-cygwin\jdk8u201\12322\hotspot\src\share\vm\prims\jni.cpp, line 1613]
Event: 23.605 Thread 0x0000000021584000 Exception <a 'java/lang/NoSuchMethodError': <clinit>> (0x00000000d752fcf0) thrown at [C:\re\workspace\8-2-build-windows-amd64-cygwin\jdk8u201\12322\hotspot\src\share\vm\prims\jni.cpp, line 1613]
Event: 23.613 Thread 0x0000000021584000 Exception <a 'java/lang/NoSuchMethodError': <clinit>> (0x00000000d75529a8) thrown at [C:\re\workspace\8-2-build-windows-amd64-cygwin\jdk8u201\12322\hotspot\src\share\vm\prims\jni.cpp, line 1613]
Event: 23.727 Thread 0x000000001d81e800 Exception <a 'java/lang/NoSuchMethodError': <clinit>> (0x00000000d7c473c0) thrown at [C:\re\workspace\8-2-build-windows-amd64-cygwin\jdk8u201\12322\hotspot\src\share\vm\prims\jni.cpp, line 1613]
Event: 23.727 Thread 0x000000001d81e800 Exception <a 'java/lang/NoSuchMethodError': <clinit>> (0x00000000d7c52ab8) thrown at [C:\re\workspace\8-2-build-windows-amd64-cygwin\jdk8u201\12322\hotspot\src\share\vm\prims\jni.cpp, line 1613]
Event: 23.727 Thread 0x000000001d81e800 Exception <a 'java/lang/NoSuchMethodError': <clinit>> (0x00000000d7c63670) thrown at [C:\re\workspace\8-2-build-windows-amd64-cygwin\jdk8u201\12322\hotspot\src\share\vm\prims\jni.cpp, line 1613]

Events (10 events):
Event: 23.824 loading class org/apache/spark/serializer/Serializer$$anonfun$getSerializer$1
Event: 23.824 loading class org/apache/spark/serializer/Serializer$$anonfun$getSerializer$1 done
Event: 23.825 loading class org/apache/spark/util/collection/PartitionedAppendOnlyMap
Event: 23.825 loading class org/apache/spark/util/collection/PartitionedAppendOnlyMap done
Event: 23.826 loading class org/apache/spark/util/collection/SizeTrackingAppendOnlyMap
Event: 23.826 loading class org/apache/spark/util/collection/SizeTrackingAppendOnlyMap done
Event: 23.826 loading class org/apache/spark/util/collection/AppendOnlyMap
Event: 23.826 loading class org/apache/spark/util/collection/AppendOnlyMap done
Event: 23.829 loading class org/apache/spark/util/collection/SortDataFormat
Event: 23.829 loading class org/apache/spark/util/collection/SortDataFormat done


Dynamic libraries:
0x00007ff65bf70000 - 0x00007ff65bfa7000 	C:\Program Files\Java\jdk1.8.0_201\bin\java.exe
0x00007ffb3be50000 - 0x00007ffb3c03d000 	C:\WINDOWS\SYSTEM32\ntdll.dll
0x00007ffb288a0000 - 0x00007ffb288b2000 	C:\Program Files\AVG\Antivirus\aswhook.dll
0x00007ffb391b0000 - 0x00007ffb39263000 	C:\WINDOWS\System32\KERNEL32.DLL
0x00007ffb38b80000 - 0x00007ffb38e13000 	C:\WINDOWS\System32\KERNELBASE.dll
0x00007ffb3b4b0000 - 0x00007ffb3b553000 	C:\WINDOWS\System32\ADVAPI32.dll
0x00007ffb39090000 - 0x00007ffb3912e000 	C:\WINDOWS\System32\msvcrt.dll
0x00007ffb3bb40000 - 0x00007ffb3bbde000 	C:\WINDOWS\System32\sechost.dll
0x00007ffb392d0000 - 0x00007ffb393f2000 	C:\WINDOWS\System32\RPCRT4.dll
0x00007ffb3a920000 - 0x00007ffb3aab7000 	C:\WINDOWS\System32\USER32.dll
0x00007ffb38e40000 - 0x00007ffb38e60000 	C:\WINDOWS\System32\win32u.dll
0x00007ffb3b240000 - 0x00007ffb3b269000 	C:\WINDOWS\System32\GDI32.dll
0x00007ffb38ee0000 - 0x00007ffb3907a000 	C:\WINDOWS\System32\gdi32full.dll
0x00007ffb38960000 - 0x00007ffb38a00000 	C:\WINDOWS\System32\msvcp_win.dll
0x00007ffb38a80000 - 0x00007ffb38b7a000 	C:\WINDOWS\System32\ucrtbase.dll
0x00007ffb28d50000 - 0x00007ffb28fc9000 	C:\WINDOWS\WinSxS\amd64_microsoft.windows.common-controls_6595b64144ccf1df_6.0.17763.379_none_05b83be8071c94a1\COMCTL32.dll
0x00007ffb3b5c0000 - 0x00007ffb3b8ed000 	C:\WINDOWS\System32\combase.dll
0x00007ffb38a00000 - 0x00007ffb38a7e000 	C:\WINDOWS\System32\bcryptPrimitives.dll
0x00007ffb3bab0000 - 0x00007ffb3bade000 	C:\WINDOWS\System32\IMM32.DLL
0x0000000066440000 - 0x0000000066511000 	C:\Program Files\Java\jdk1.8.0_201\jre\bin\msvcr100.dll
0x0000000066520000 - 0x0000000066dc4000 	C:\Program Files\Java\jdk1.8.0_201\jre\bin\server\jvm.dll
0x00007ffb3a910000 - 0x00007ffb3a918000 	C:\WINDOWS\System32\PSAPI.DLL
0x00007ffb232d0000 - 0x00007ffb232d9000 	C:\WINDOWS\SYSTEM32\WSOCK32.dll
0x00007ffb3acd0000 - 0x00007ffb3ad3d000 	C:\WINDOWS\System32\WS2_32.dll
0x00007ffb30c90000 - 0x00007ffb30cb4000 	C:\WINDOWS\SYSTEM32\WINMM.dll
0x00007ffb30300000 - 0x00007ffb3030a000 	C:\WINDOWS\SYSTEM32\VERSION.dll
0x00007ffb30c60000 - 0x00007ffb30c8d000 	C:\WINDOWS\SYSTEM32\WINMMBASE.dll
0x00007ffb38e90000 - 0x00007ffb38eda000 	C:\WINDOWS\System32\cfgmgr32.dll
0x00007ffb30ac0000 - 0x00007ffb30acf000 	C:\Program Files\Java\jdk1.8.0_201\jre\bin\verify.dll
0x00007ffb11820000 - 0x00007ffb11849000 	C:\Program Files\Java\jdk1.8.0_201\jre\bin\java.dll
0x00007ffb29f30000 - 0x00007ffb29f46000 	C:\Program Files\Java\jdk1.8.0_201\jre\bin\zip.dll
0x00007ffb39420000 - 0x00007ffb3a910000 	C:\WINDOWS\System32\SHELL32.dll
0x00007ffb3b3a0000 - 0x00007ffb3b448000 	C:\WINDOWS\System32\shcore.dll
0x00007ffb381b0000 - 0x00007ffb388fa000 	C:\WINDOWS\System32\windows.storage.dll
0x00007ffb37ef0000 - 0x00007ffb37f14000 	C:\WINDOWS\System32\profapi.dll
0x00007ffb37e50000 - 0x00007ffb37ead000 	C:\WINDOWS\System32\powrprof.dll
0x00007ffb3b560000 - 0x00007ffb3b5b2000 	C:\WINDOWS\System32\shlwapi.dll
0x00007ffb37ed0000 - 0x00007ffb37ee1000 	C:\WINDOWS\System32\kernel.appcore.dll
0x00007ffb38e20000 - 0x00007ffb38e37000 	C:\WINDOWS\System32\cryptsp.dll
0x00007ffae71c0000 - 0x00007ffae7359000 	C:\Program Files\Java\jdk1.8.0_201\jre\bin\awt.dll
0x00007ffb3bd50000 - 0x00007ffb3be1b000 	C:\WINDOWS\System32\OLEAUT32.dll
0x00007ffb35650000 - 0x00007ffb356dc000 	C:\WINDOWS\SYSTEM32\apphelp.dll
0x00007ffb361b0000 - 0x00007ffb361de000 	C:\WINDOWS\system32\DWMAPI.DLL
0x00007ffb37fd0000 - 0x00007ffb381ab000 	C:\WINDOWS\System32\CRYPT32.dll
0x00007ffb37eb0000 - 0x00007ffb37ec2000 	C:\WINDOWS\System32\MSASN1.dll
0x00007ffb35740000 - 0x00007ffb357dc000 	C:\WINDOWS\system32\uxtheme.dll
0x00007ffb068a0000 - 0x00007ffb069c7000 	C:\WINDOWS\system32\opengl32.dll
0x00007ffb0ac90000 - 0x00007ffb0acbc000 	C:\WINDOWS\SYSTEM32\GLU32.dll
0x00007ffb3bbe0000 - 0x00007ffb3bd4a000 	C:\WINDOWS\System32\MSCTF.dll
0x00007ffb3aac0000 - 0x00007ffb3ac15000 	C:\WINDOWS\System32\ole32.dll
0x00007ffafa710000 - 0x00007ffafa757000 	C:\Program Files\Java\jdk1.8.0_201\jre\bin\fontmanager.dll
0x00007ffb3ac20000 - 0x00007ffb3acc2000 	C:\WINDOWS\System32\clbcatq.dll
0x00007ffb2eab0000 - 0x00007ffb2ec68000 	C:\WINDOWS\SYSTEM32\WindowsCodecs.dll
0x00007ffb0ace0000 - 0x00007ffb0ad36000 	C:\WINDOWS\system32\dataexchange.dll
0x00007ffb34820000 - 0x00007ffb34a9e000 	C:\WINDOWS\system32\d3d11.dll
0x00007ffb34f00000 - 0x00007ffb350c3000 	C:\WINDOWS\system32\dcomp.dll
0x00007ffb36ca0000 - 0x00007ffb36d62000 	C:\WINDOWS\system32\dxgi.dll
0x00007ffb361e0000 - 0x00007ffb363ed000 	C:\WINDOWS\system32\twinapi.appcore.dll
0x00007ffb363f0000 - 0x00007ffb36418000 	C:\WINDOWS\system32\RMCLIENT.dll
0x00007ffb287d0000 - 0x00007ffb287ea000 	C:\Program Files\Java\jdk1.8.0_201\jre\bin\net.dll
0x00007ffb2a8b0000 - 0x00007ffb2aa86000 	C:\WINDOWS\SYSTEM32\urlmon.dll
0x00007ffb2a180000 - 0x00007ffb2a428000 	C:\WINDOWS\SYSTEM32\iertutil.dll
0x00007ffb378a0000 - 0x00007ffb378ac000 	C:\WINDOWS\SYSTEM32\CRYPTBASE.DLL
0x00007ffb376d0000 - 0x00007ffb37737000 	C:\WINDOWS\system32\mswsock.dll
0x00007ffb1ff90000 - 0x00007ffb1ffa1000 	C:\Program Files\Java\jdk1.8.0_201\jre\bin\nio.dll
0x00007ffafa2b0000 - 0x00007ffafa2f2000 	C:\Program Files\Java\jdk1.8.0_201\jre\bin\t2k.dll
0x00007ffb29ab0000 - 0x00007ffb29b45000 	C:\WINDOWS\System32\TextInputFramework.dll
0x00007ffb2ed60000 - 0x00007ffb2f082000 	C:\WINDOWS\System32\CoreUIComponents.dll
0x00007ffb35440000 - 0x00007ffb35522000 	C:\WINDOWS\System32\CoreMessaging.dll
0x00007ffb36f10000 - 0x00007ffb36f41000 	C:\WINDOWS\SYSTEM32\ntmarta.dll
0x00007ffb33900000 - 0x00007ffb33a53000 	C:\WINDOWS\SYSTEM32\wintypes.dll
0x00007ffb37290000 - 0x00007ffb372c3000 	C:\WINDOWS\system32\rsaenh.dll
0x00007ffb38e60000 - 0x00007ffb38e86000 	C:\WINDOWS\System32\bcrypt.dll
0x00007ffb37d50000 - 0x00007ffb37d78000 	C:\WINDOWS\SYSTEM32\USERENV.dll
0x00007ffb37430000 - 0x00007ffb3746d000 	C:\WINDOWS\SYSTEM32\IPHLPAPI.DLL
0x00007ffb39080000 - 0x00007ffb39088000 	C:\WINDOWS\System32\NSI.dll
0x00007ffb2a660000 - 0x00007ffb2a676000 	C:\WINDOWS\SYSTEM32\dhcpcsvc6.DLL
0x00007ffb2eca0000 - 0x00007ffb2ecbc000 	C:\WINDOWS\SYSTEM32\dhcpcsvc.DLL
0x00007ffb37470000 - 0x00007ffb37536000 	C:\WINDOWS\SYSTEM32\DNSAPI.dll
0x00007ffb308a0000 - 0x00007ffb308ad000 	C:\Program Files\Java\jdk1.8.0_201\jre\bin\management.dll
0x00007ffb305b0000 - 0x00007ffb305b9000 	C:\Program Files\Java\jdk1.8.0_201\jre\bin\w2k_lsa_auth.dll
0x00007ffb26bb0000 - 0x00007ffb26bbc000 	C:\WINDOWS\SYSTEM32\Secur32.dll
0x00007ffb37d80000 - 0x00007ffb37daf000 	C:\WINDOWS\SYSTEM32\SSPICLI.DLL
0x00007ffb147e0000 - 0x00007ffb147fd000 	C:\Windows\System32\hadoop.dll
0x00007ffb37010000 - 0x00007ffb3705b000 	C:\WINDOWS\SYSTEM32\AUTHZ.dll
0x00007ffb22220000 - 0x00007ffb22237000 	C:\WINDOWS\SYSTEM32\NETAPI32.dll
0x00007ffb37540000 - 0x00007ffb3754e000 	C:\WINDOWS\SYSTEM32\NETUTILS.DLL
0x00007ffb32910000 - 0x00007ffb32928000 	C:\WINDOWS\SYSTEM32\SAMCLI.DLL
0x00007ffb2a070000 - 0x00007ffb2a078000 	C:\Program Files\Java\jdk1.8.0_201\jre\bin\jaas_nt.dll
0x00007ffb10db0000 - 0x00007ffb10dc6000 	C:\WINDOWS\system32\napinsp.dll
0x00007ffb0e500000 - 0x00007ffb0e51a000 	C:\WINDOWS\system32\pnrpnsp.dll
0x00007ffb30650000 - 0x00007ffb3065e000 	C:\WINDOWS\System32\winrnr.dll
0x00007ffb34100000 - 0x00007ffb3411b000 	C:\WINDOWS\system32\NLAapi.dll
0x00007ffb328f0000 - 0x00007ffb32905000 	C:\WINDOWS\system32\wshbth.dll
0x00007ffb28240000 - 0x00007ffb2824a000 	C:\Windows\System32\rasadhlp.dll
0x00007ffb28270000 - 0x00007ffb282e9000 	C:\WINDOWS\System32\fwpuclnt.dll
0x0000000070280000 - 0x00000000702a9000 	C:\Users\hp\AppData\Local\Temp\snappy-unknown-92bf22cd-7aee-40a8-b74b-bad9312ab733-snappyjava.dll

VM Arguments:
java_command: com.mycompany.apachespark.Main
java_class_path (initial): F:\Improvising processing of huge real time data Full Project\ApacheSpark\target\classes;C:\Users\hp\.m2\repository\org\apache\spark\spark-core_2.11\1.4.0\spark-core_2.11-1.4.0.jar;C:\Users\hp\.m2\repository\com\twitter\chill_2.11\0.5.0\chill_2.11-0.5.0.jar;C:\Users\hp\.m2\repository\com\esotericsoftware\kryo\kryo\2.21\kryo-2.21.jar;C:\Users\hp\.m2\repository\com\esotericsoftware\reflectasm\reflectasm\1.07\reflectasm-1.07-shaded.jar;C:\Users\hp\.m2\repository\com\esotericsoftware\minlog\minlog\1.2\minlog-1.2.jar;C:\Users\hp\.m2\repository\org\objenesis\objenesis\1.2\objenesis-1.2.jar;C:\Users\hp\.m2\repository\com\twitter\chill-java\0.5.0\chill-java-0.5.0.jar;C:\Users\hp\.m2\repository\org\apache\hadoop\hadoop-client\2.2.0\hadoop-client-2.2.0.jar;C:\Users\hp\.m2\repository\org\apache\hadoop\hadoop-common\2.2.0\hadoop-common-2.2.0.jar;C:\Users\hp\.m2\repository\commons-cli\commons-cli\1.2\commons-cli-1.2.jar;C:\Users\hp\.m2\repository\org\apache\commons\commons-math\2.1\commons-math-2.1.jar;C:\Users\hp\.m2\repository\xmlenc\xmlenc\0.52\xmlenc-0.52.jar;C:\Users\hp\.m2\repository\commons-io\commons-io\2.1\commons-io-2.1.jar;C:\Users\hp\.m2\repository\commons-logging\commons-logging\1.1.1\commons-logging-1.1.1.jar;C:\Users\hp\.m2\repository\commons-lang\commons-lang\2.5\commons-lang-2.5.jar;C:\Users\hp\.m2\repository\commons-configuration\commons-configuration\1.6\commons-configuration-1.6.jar;C:\Users\hp\.m2\repository\commons-collections\commons-collections\3.2.1\commons-collections-3.2.1.jar;C:\Users\hp\.m2\repository\commons-digester\commons-digester\1.8\commons-digester-1.8.jar;C:\Users\hp\.m2\repository\commons-beanutils\commons-beanutils\1.7.0\commons-beanutils-1.7.0.jar;C:\Users\hp\.m2\repository\commons-beanutils\commons-beanutils-core\1.8.0\commons-beanutils-core-1.8.0.jar;C:\Users\hp\.m2\repository\org\codehaus\jackson\jackson-core-asl\1.8.8\jackson-core-asl-1.8.8.jar;C:\Users\hp\.m2\repository\org\apache\avro\avro\1.7.4\avro-1.7.
Launcher Type: SUN_STANDARD

Environment Variables:
JAVA_HOME=C:\Program Files\Java\jdk1.8.0_201
PATH="C:\Program Files (x86)\Common Files\Oracle\Java\javapath;%JAVA_HOME%\bin;C:\zookeeper-3.4.14\bin;%HADOOP_HOME%bin;C:\cugwin\bin;C:\kafka\bin;C:\winutils\bin;C:\zookeeper-3.4.14\bin;";C:\Windows\system32;C:\Windows;C:\Windows\System32\Wbem;C:\zookeeper-3.4.14\bin;"C:\WINDOWS\system32;C:\WINDOWS;C:\WINDOWS\System32\Wbem;C:\WINDOWS\System32\WindowsPowerShell\v1.0\;C:\Python27\Scripts\;C:\Program Files\Git";C:\Program Files\Git\cmd;C:\RailsInstaller\Git\cmd;C:\RailsInstaller\Ruby2.3.3\bin;C:\Users\hp\AppData\Local\Microsoft\WindowsApps;C:\Program Files\Microsoft VS Code\bin;C:\Program Files\heroku\bin;C:\Users\hp\Jeevantika\Heroku\bin;C:\Python27;C:\Users\hp\AppData\Local\Microsoft\WindowsApps;C:\Java\jre\bin;C:\zookeeper-3.4.14\bin;
USERNAME=hp
OS=Windows_NT
PROCESSOR_IDENTIFIER=Intel64 Family 6 Model 142 Stepping 10, GenuineIntel



---------------  S Y S T E M  ---------------

OS: Windows 10.0 , 64 bit Build 17763 (10.0.17763.379)

CPU:total 8 (initial active 8) (4 cores per cpu, 2 threads per core) family 6 model 142 stepping 10, cmov, cx8, fxsr, mmx, sse, sse2, sse3, ssse3, sse4.1, sse4.2, popcnt, avx, avx2, aes, clmul, erms, 3dnowpref, lzcnt, ht, tsc, tscinvbit, bmi1, bmi2, adx

Memory: 4k page, physical 8272100k(1005020k free), swap 17473736k(5312k free)

vm_info: Java HotSpot(TM) 64-Bit Server VM (25.201-b09) for windows-amd64 JRE (1.8.0_201-b09), built on Dec 15 2018 18:36:39 by "java_re" with MS VC++ 10.0 (VS2010)

time: Mon Apr 15 17:42:25 2019
timezone: GMT Daylight Time
elapsed time: 23 seconds (0d 0h 0m 23s)

