#
# There is insufficient memory for the Java Runtime Environment to continue.
# Native memory allocation (malloc) failed to allocate 1000176 bytes for Chunk::new
# Possible reasons:
#   The system is out of physical RAM or swap space
#   The process is running with CompressedOops enabled, and the Java Heap may be blocking the growth of the native heap
# Possible solutions:
#   Reduce memory load on the system
#   Increase physical memory or swap space
#   Check if swap backing store is full
#   Decrease Java heap size (-Xmx/-Xms)
#   Decrease number of Java threads
#   Decrease Java thread stack sizes (-Xss)
#   Set larger code cache with -XX:ReservedCodeCacheSize=
#   JVM is running with Unscaled Compressed Oops mode in which the Java heap is
#     placed in the first 4GB address space. The Java Heap base address is the
#     maximum limit for the native heap growth. Please use -XX:HeapBaseMinAddress
#     to set the Java Heap base and to place the Java Heap above 4GB virtual address.
# This output file may be truncated or incomplete.
#
#  Out of Memory Error (allocation.cpp:390), pid=33888, tid=0x000000000000856c
#
# JRE version: Java(TM) SE Runtime Environment (8.0_201-b09) (build 1.8.0_201-b09)
# Java VM: Java HotSpot(TM) 64-Bit Server VM (25.201-b09 mixed mode windows-amd64 compressed oops)
# Failed to write core dump. Minidumps are not enabled by default on client versions of Windows
#

---------------  T H R E A D  ---------------

Current thread (0x0000000019411000):  JavaThread "C2 CompilerThread1" daemon [_thread_in_native, id=34156, stack(0x0000000019dd0000,0x0000000019ed0000)]

Stack: [0x0000000019dd0000,0x0000000019ed0000]
[error occurred during error reporting (printing stack bounds), id 0xc0000005]

Native frames: (J=compiled Java code, j=interpreted, Vv=VM code, C=native code)


Current CompileTask:
C2:    736  501       4       java.io.WinNTFileSystem::normalize (143 bytes)


---------------  P R O C E S S  ---------------

Java Threads: ( => current thread )
  0x000000001a8fd800 JavaThread "AWT-EventQueue-0" [_thread_blocked, id=34192, stack(0x000000001b8c0000,0x000000001b9c0000)]
  0x000000001a8dc800 JavaThread "AWT-Windows" daemon [_thread_in_native, id=34196, stack(0x000000001aed0000,0x000000001afd0000)]
  0x000000001a8c9000 JavaThread "AWT-Shutdown" [_thread_blocked, id=34220, stack(0x000000001add0000,0x000000001aed0000)]
  0x000000001a98d800 JavaThread "Java2D Disposer" daemon [_thread_blocked, id=34216, stack(0x000000001ac10000,0x000000001ad10000)]
  0x00000000194a1000 JavaThread "Service Thread" daemon [_thread_blocked, id=34208, stack(0x000000001a0d0000,0x000000001a1d0000)]
  0x000000001941a000 JavaThread "C1 CompilerThread3" daemon [_thread_blocked, id=34200, stack(0x0000000019fd0000,0x000000001a0d0000)]
  0x0000000019411800 JavaThread "C2 CompilerThread2" daemon [_thread_blocked, id=34188, stack(0x0000000019ed0000,0x0000000019fd0000)]
=>0x0000000019411000 JavaThread "C2 CompilerThread1" daemon [_thread_in_native, id=34156, stack(0x0000000019dd0000,0x0000000019ed0000)]
  0x000000001940b000 JavaThread "C2 CompilerThread0" daemon [_thread_blocked, id=34184, stack(0x0000000019cd0000,0x0000000019dd0000)]
  0x0000000019408800 JavaThread "Attach Listener" daemon [_thread_blocked, id=34180, stack(0x0000000019bd0000,0x0000000019cd0000)]
  0x0000000019407000 JavaThread "Signal Dispatcher" daemon [_thread_blocked, id=34176, stack(0x0000000019ad0000,0x0000000019bd0000)]
  0x000000000266e800 JavaThread "Finalizer" daemon [_thread_blocked, id=34144, stack(0x00000000198d0000,0x00000000199d0000)]
  0x00000000193f0800 JavaThread "Reference Handler" daemon [_thread_blocked, id=34112, stack(0x00000000197d0000,0x00000000198d0000)]
  0x0000000002577000 JavaThread "main" [_thread_in_native, id=33876, stack(0x00000000023d0000,0x00000000024d0000)]

Other Threads:
  0x00000000175e9800 VMThread [stack: 0x00000000192d0000,0x00000000193d0000] [id=34140]
  0x00000000194f5800 WatcherThread [stack: 0x000000001a1d0000,0x000000001a2d0000] [id=34212]

VM state:not at safepoint (normal execution)

VM Mutex/Monitor currently owned by a thread: None

heap address: 0x0000000081c00000, size: 2020 MB, Compressed Oops mode: 32-bit
Narrow klass base: 0x0000000000000000, Narrow klass shift: 3
Compressed class space size: 1073741824 Address: 0x0000000100000000

Heap:
 PSYoungGen      total 38400K, used 9990K [0x00000000d5f00000, 0x00000000d8980000, 0x0000000100000000)
  eden space 33280K, 30% used [0x00000000d5f00000,0x00000000d68c1ad0,0x00000000d7f80000)
  from space 5120K, 0% used [0x00000000d8480000,0x00000000d8480000,0x00000000d8980000)
  to   space 5120K, 0% used [0x00000000d7f80000,0x00000000d7f80000,0x00000000d8480000)
 ParOldGen       total 87552K, used 0K [0x0000000081c00000, 0x0000000087180000, 0x00000000d5f00000)
  object space 87552K, 0% used [0x0000000081c00000,0x0000000081c00000,0x0000000087180000)
 Metaspace       used 9577K, capacity 9784K, committed 9984K, reserved 1058816K
  class space    used 1180K, capacity 1256K, committed 1280K, reserved 1048576K

Card table byte_map: [0x0000000011a30000,0x0000000011e30000] byte_map_base: 0x0000000011622000

Marking Bits: (ParMarkBitMap*) 0x0000000066d44ce0
 Begin Bits: [0x00000000128e0000, 0x0000000014870000)
 End Bits:   [0x0000000014870000, 0x0000000016800000)

Polling page: 0x0000000000bb0000

CodeCache: size=245760Kb used=2332Kb max_used=2332Kb free=243427Kb
 bounds [0x0000000002670000, 0x00000000028e0000, 0x0000000011670000]
 total_blobs=981 nmethods=557 adapters=337
 compilation: enabled

Compilation events (10 events):
Event: 0.717 Thread 0x000000001941a000  552       3       sun.nio.ch.Util$BufferCache::get (164 bytes)
Event: 0.718 Thread 0x000000001941a000 nmethod 552 0x00000000028b46d0 code [0x00000000028b48c0, 0x00000000028b5408]
Event: 0.718 Thread 0x000000001941a000  553       3       sun.nio.ch.IOUtil::readIntoNativeBuffer (137 bytes)
Event: 0.718 Thread 0x000000001941a000 nmethod 553 0x00000000028b58d0 code [0x00000000028b5aa0, 0x00000000028b6488]
Event: 0.718 Thread 0x000000001941a000  555       3       java.nio.HeapByteBuffer::put (167 bytes)
Event: 0.719 Thread 0x000000001941a000 nmethod 555 0x00000000028b6750 code [0x00000000028b69c0, 0x00000000028b7d38]
Event: 0.719 Thread 0x000000001941a000  557       3       java.nio.charset.CharsetDecoder::maxCharsPerByte (5 bytes)
Event: 0.719 Thread 0x000000001941a000 nmethod 557 0x00000000028af190 code [0x00000000028af2e0, 0x00000000028af430]
Event: 0.719 Thread 0x000000001941a000  558       3       java.lang.StringCoding::access$100 (8 bytes)
Event: 0.720 Thread 0x000000001941a000 nmethod 558 0x00000000028b81d0 code [0x00000000028b8360, 0x00000000028b8888]

GC Heap History (0 events):
No events

Deoptimization events (1 events):
Event: 0.202 Thread 0x0000000002577000 Uncommon trap: reason=unstable_if action=reinterpret pc=0x000000000277efe0 method=java.lang.String.hashCode()I @ 14

Classes redefined (0 events):
No events

Internal exceptions (10 events):
Event: 0.283 Thread 0x0000000002577000 Exception <a 'java/security/PrivilegedActionException'> (0x00000000d62772e8) thrown at [C:\re\workspace\8-2-build-windows-amd64-cygwin\jdk8u201\12322\hotspot\src\share\vm\prims\jvm.cpp, line 1502]
Event: 0.283 Thread 0x0000000002577000 Exception <a 'java/security/PrivilegedActionException'> (0x00000000d62774f8) thrown at [C:\re\workspace\8-2-build-windows-amd64-cygwin\jdk8u201\12322\hotspot\src\share\vm\prims\jvm.cpp, line 1502]
Event: 0.283 Thread 0x0000000002577000 Exception <a 'java/security/PrivilegedActionException'> (0x00000000d6278730) thrown at [C:\re\workspace\8-2-build-windows-amd64-cygwin\jdk8u201\12322\hotspot\src\share\vm\prims\jvm.cpp, line 1502]
Event: 0.283 Thread 0x0000000002577000 Exception <a 'java/security/PrivilegedActionException'> (0x00000000d6278940) thrown at [C:\re\workspace\8-2-build-windows-amd64-cygwin\jdk8u201\12322\hotspot\src\share\vm\prims\jvm.cpp, line 1502]
Event: 0.283 Thread 0x0000000002577000 Exception <a 'java/security/PrivilegedActionException'> (0x00000000d6279b70) thrown at [C:\re\workspace\8-2-build-windows-amd64-cygwin\jdk8u201\12322\hotspot\src\share\vm\prims\jvm.cpp, line 1502]
Event: 0.283 Thread 0x0000000002577000 Exception <a 'java/security/PrivilegedActionException'> (0x00000000d6279d80) thrown at [C:\re\workspace\8-2-build-windows-amd64-cygwin\jdk8u201\12322\hotspot\src\share\vm\prims\jvm.cpp, line 1502]
Event: 0.292 Thread 0x0000000002577000 Exception <a 'java/io/FileNotFoundException'> (0x00000000d6292d80) thrown at [C:\re\workspace\8-2-build-windows-amd64-cygwin\jdk8u201\12322\hotspot\src\share\vm\prims\jni.cpp, line 709]
Event: 0.317 Thread 0x0000000002577000 Exception <a 'java/lang/NoSuchFieldError': method resolution failed> (0x00000000d6363610) thrown at [C:\re\workspace\8-2-build-windows-amd64-cygwin\jdk8u201\12322\hotspot\src\share\vm\prims\methodHandles.cpp, line 1167]
Event: 0.318 Thread 0x0000000002577000 Exception <a 'java/lang/NoSuchFieldError': method resolution failed> (0x00000000d6370960) thrown at [C:\re\workspace\8-2-build-windows-amd64-cygwin\jdk8u201\12322\hotspot\src\share\vm\prims\methodHandles.cpp, line 1167]
Event: 0.368 Thread 0x0000000002577000 Exception <a 'java/io/FileNotFoundException'> (0x00000000d64ac680) thrown at [C:\re\workspace\8-2-build-windows-amd64-cygwin\jdk8u201\12322\hotspot\src\share\vm\prims\jni.cpp, line 709]

Events (10 events):
Event: 0.543 Executing VM operation: Deoptimize done
Event: 0.543 loading class sun/nio/cs/UTF_16$Decoder done
Event: 0.547 loading class sun/font/SunFontManager$4
Event: 0.548 loading class sun/font/SunFontManager$4 done
Event: 0.659 loading class java/io/RandomAccessFile$1
Event: 0.659 loading class java/io/RandomAccessFile$1 done
Event: 0.667 loading class sun/font/SunFontManager$10
Event: 0.667 loading class sun/font/SunFontManager$10 done
Event: 0.667 loading class sun/font/SunFontManager$11
Event: 0.667 loading class sun/font/SunFontManager$11 done


Dynamic libraries:
0x00007ff65bf70000 - 0x00007ff65bfa7000 	C:\Program Files\Java\jdk1.8.0_201\bin\java.exe
0x00007ffb3be50000 - 0x00007ffb3c03d000 	C:\WINDOWS\SYSTEM32\ntdll.dll
0x00007ffb288a0000 - 0x00007ffb288b2000 	C:\Program Files\AVG\Antivirus\aswhook.dll
0x00007ffb391b0000 - 0x00007ffb39263000 	C:\WINDOWS\System32\KERNEL32.DLL
0x00007ffb38b80000 - 0x00007ffb38e13000 	C:\WINDOWS\System32\KERNELBASE.dll
0x00007ffb3b4b0000 - 0x00007ffb3b553000 	C:\WINDOWS\System32\ADVAPI32.dll
0x00007ffb39090000 - 0x00007ffb3912e000 	C:\WINDOWS\System32\msvcrt.dll
0x00007ffb3bb40000 - 0x00007ffb3bbde000 	C:\WINDOWS\System32\sechost.dll
0x00007ffb392d0000 - 0x00007ffb393f2000 	C:\WINDOWS\System32\RPCRT4.dll
0x00007ffb3a920000 - 0x00007ffb3aab7000 	C:\WINDOWS\System32\USER32.dll
0x00007ffb38e40000 - 0x00007ffb38e60000 	C:\WINDOWS\System32\win32u.dll
0x00007ffb3b240000 - 0x00007ffb3b269000 	C:\WINDOWS\System32\GDI32.dll
0x00007ffb38ee0000 - 0x00007ffb3907a000 	C:\WINDOWS\System32\gdi32full.dll
0x00007ffb38960000 - 0x00007ffb38a00000 	C:\WINDOWS\System32\msvcp_win.dll
0x00007ffb38a80000 - 0x00007ffb38b7a000 	C:\WINDOWS\System32\ucrtbase.dll
0x00007ffb28d50000 - 0x00007ffb28fc9000 	C:\WINDOWS\WinSxS\amd64_microsoft.windows.common-controls_6595b64144ccf1df_6.0.17763.379_none_05b83be8071c94a1\COMCTL32.dll
0x00007ffb3b5c0000 - 0x00007ffb3b8ed000 	C:\WINDOWS\System32\combase.dll
0x00007ffb38a00000 - 0x00007ffb38a7e000 	C:\WINDOWS\System32\bcryptPrimitives.dll
0x00007ffb3bab0000 - 0x00007ffb3bade000 	C:\WINDOWS\System32\IMM32.DLL
0x0000000066440000 - 0x0000000066511000 	C:\Program Files\Java\jdk1.8.0_201\jre\bin\msvcr100.dll
0x0000000066520000 - 0x0000000066dc4000 	C:\Program Files\Java\jdk1.8.0_201\jre\bin\server\jvm.dll
0x00007ffb3a910000 - 0x00007ffb3a918000 	C:\WINDOWS\System32\PSAPI.DLL
0x00007ffb232d0000 - 0x00007ffb232d9000 	C:\WINDOWS\SYSTEM32\WSOCK32.dll
0x00007ffb3acd0000 - 0x00007ffb3ad3d000 	C:\WINDOWS\System32\WS2_32.dll
0x00007ffb30c90000 - 0x00007ffb30cb4000 	C:\WINDOWS\SYSTEM32\WINMM.dll
0x00007ffb30300000 - 0x00007ffb3030a000 	C:\WINDOWS\SYSTEM32\VERSION.dll
0x00007ffb30c60000 - 0x00007ffb30c8d000 	C:\WINDOWS\SYSTEM32\WINMMBASE.dll
0x00007ffb38e90000 - 0x00007ffb38eda000 	C:\WINDOWS\System32\cfgmgr32.dll
0x00007ffb30ac0000 - 0x00007ffb30acf000 	C:\Program Files\Java\jdk1.8.0_201\jre\bin\verify.dll
0x00007ffb11820000 - 0x00007ffb11849000 	C:\Program Files\Java\jdk1.8.0_201\jre\bin\java.dll
0x00007ffb29f30000 - 0x00007ffb29f46000 	C:\Program Files\Java\jdk1.8.0_201\jre\bin\zip.dll
0x00007ffb39420000 - 0x00007ffb3a910000 	C:\WINDOWS\System32\SHELL32.dll
0x00007ffb3b3a0000 - 0x00007ffb3b448000 	C:\WINDOWS\System32\shcore.dll
0x00007ffb381b0000 - 0x00007ffb388fa000 	C:\WINDOWS\System32\windows.storage.dll
0x00007ffb37ef0000 - 0x00007ffb37f14000 	C:\WINDOWS\System32\profapi.dll
0x00007ffb37e50000 - 0x00007ffb37ead000 	C:\WINDOWS\System32\powrprof.dll
0x00007ffb3b560000 - 0x00007ffb3b5b2000 	C:\WINDOWS\System32\shlwapi.dll
0x00007ffb37ed0000 - 0x00007ffb37ee1000 	C:\WINDOWS\System32\kernel.appcore.dll
0x00007ffb38e20000 - 0x00007ffb38e37000 	C:\WINDOWS\System32\cryptsp.dll
0x00007ffae71c0000 - 0x00007ffae7359000 	C:\Program Files\Java\jdk1.8.0_201\jre\bin\awt.dll
0x00007ffb3bd50000 - 0x00007ffb3be1b000 	C:\WINDOWS\System32\OLEAUT32.dll
0x00007ffb35650000 - 0x00007ffb356dc000 	C:\WINDOWS\SYSTEM32\apphelp.dll
0x00007ffb361b0000 - 0x00007ffb361de000 	C:\WINDOWS\system32\DWMAPI.DLL
0x00007ffb37fd0000 - 0x00007ffb381ab000 	C:\WINDOWS\System32\CRYPT32.dll
0x00007ffb37eb0000 - 0x00007ffb37ec2000 	C:\WINDOWS\System32\MSASN1.dll
0x00007ffb35740000 - 0x00007ffb357dc000 	C:\WINDOWS\system32\uxtheme.dll
0x00007ffb068a0000 - 0x00007ffb069c7000 	C:\WINDOWS\system32\opengl32.dll
0x00007ffb0ac90000 - 0x00007ffb0acbc000 	C:\WINDOWS\SYSTEM32\GLU32.dll
0x00007ffb3bbe0000 - 0x00007ffb3bd4a000 	C:\WINDOWS\System32\MSCTF.dll
0x00007ffb3aac0000 - 0x00007ffb3ac15000 	C:\WINDOWS\System32\ole32.dll
0x00007ffafa710000 - 0x00007ffafa757000 	C:\Program Files\Java\jdk1.8.0_201\jre\bin\fontmanager.dll
0x00007ffb3ac20000 - 0x00007ffb3acc2000 	C:\WINDOWS\System32\clbcatq.dll
0x00007ffb2eab0000 - 0x00007ffb2ec68000 	C:\WINDOWS\SYSTEM32\WindowsCodecs.dll
0x00007ffb0ace0000 - 0x00007ffb0ad36000 	C:\WINDOWS\system32\dataexchange.dll
0x00007ffb34820000 - 0x00007ffb34a9e000 	C:\WINDOWS\system32\d3d11.dll
0x00007ffb34f00000 - 0x00007ffb350c3000 	C:\WINDOWS\system32\dcomp.dll
0x00007ffb36ca0000 - 0x00007ffb36d62000 	C:\WINDOWS\system32\dxgi.dll
0x00007ffb361e0000 - 0x00007ffb363ed000 	C:\WINDOWS\system32\twinapi.appcore.dll
0x00007ffb363f0000 - 0x00007ffb36418000 	C:\WINDOWS\system32\RMCLIENT.dll
0x00007ffb287d0000 - 0x00007ffb287ea000 	C:\Program Files\Java\jdk1.8.0_201\jre\bin\net.dll
0x00007ffb2a8b0000 - 0x00007ffb2aa86000 	C:\WINDOWS\SYSTEM32\urlmon.dll
0x00007ffb2a180000 - 0x00007ffb2a428000 	C:\WINDOWS\SYSTEM32\iertutil.dll
0x00007ffb378a0000 - 0x00007ffb378ac000 	C:\WINDOWS\SYSTEM32\CRYPTBASE.DLL
0x00007ffb376d0000 - 0x00007ffb37737000 	C:\WINDOWS\system32\mswsock.dll
0x00007ffb1ff90000 - 0x00007ffb1ffa1000 	C:\Program Files\Java\jdk1.8.0_201\jre\bin\nio.dll

VM Arguments:
java_command: com.mycompany.apachespark.Main
java_class_path (initial): F:\Improvising processing of huge real time data Full Project\ApacheSpark\target\classes;C:\Users\hp\.m2\repository\org\apache\spark\spark-core_2.11\1.4.0\spark-core_2.11-1.4.0.jar;C:\Users\hp\.m2\repository\com\twitter\chill_2.11\0.5.0\chill_2.11-0.5.0.jar;C:\Users\hp\.m2\repository\com\esotericsoftware\kryo\kryo\2.21\kryo-2.21.jar;C:\Users\hp\.m2\repository\com\esotericsoftware\reflectasm\reflectasm\1.07\reflectasm-1.07-shaded.jar;C:\Users\hp\.m2\repository\com\esotericsoftware\minlog\minlog\1.2\minlog-1.2.jar;C:\Users\hp\.m2\repository\org\objenesis\objenesis\1.2\objenesis-1.2.jar;C:\Users\hp\.m2\repository\com\twitter\chill-java\0.5.0\chill-java-0.5.0.jar;C:\Users\hp\.m2\repository\org\apache\hadoop\hadoop-client\2.2.0\hadoop-client-2.2.0.jar;C:\Users\hp\.m2\repository\org\apache\hadoop\hadoop-common\2.2.0\hadoop-common-2.2.0.jar;C:\Users\hp\.m2\repository\commons-cli\commons-cli\1.2\commons-cli-1.2.jar;C:\Users\hp\.m2\repository\org\apache\commons\commons-math\2.1\commons-math-2.1.jar;C:\Users\hp\.m2\repository\xmlenc\xmlenc\0.52\xmlenc-0.52.jar;C:\Users\hp\.m2\repository\commons-io\commons-io\2.1\commons-io-2.1.jar;C:\Users\hp\.m2\repository\commons-logging\commons-logging\1.1.1\commons-logging-1.1.1.jar;C:\Users\hp\.m2\repository\commons-lang\commons-lang\2.5\commons-lang-2.5.jar;C:\Users\hp\.m2\repository\commons-configuration\commons-configuration\1.6\commons-configuration-1.6.jar;C:\Users\hp\.m2\repository\commons-collections\commons-collections\3.2.1\commons-collections-3.2.1.jar;C:\Users\hp\.m2\repository\commons-digester\commons-digester\1.8\commons-digester-1.8.jar;C:\Users\hp\.m2\repository\commons-beanutils\commons-beanutils\1.7.0\commons-beanutils-1.7.0.jar;C:\Users\hp\.m2\repository\commons-beanutils\commons-beanutils-core\1.8.0\commons-beanutils-core-1.8.0.jar;C:\Users\hp\.m2\repository\org\codehaus\jackson\jackson-core-asl\1.8.8\jackson-core-asl-1.8.8.jar;C:\Users\hp\.m2\repository\org\apache\avro\avro\1.7.4\avro-1.7.
Launcher Type: SUN_STANDARD

Environment Variables:
JAVA_HOME=C:\Program Files\Java\jdk1.8.0_201
PATH="C:\Program Files (x86)\Common Files\Oracle\Java\javapath;%JAVA_HOME%\bin;C:\zookeeper-3.4.14\bin;%HADOOP_HOME%bin;C:\cugwin\bin;C:\kafka\bin;C:\winutils\bin;C:\zookeeper-3.4.14\bin;";C:\Windows\system32;C:\Windows;C:\Windows\System32\Wbem;C:\zookeeper-3.4.14\bin;"C:\WINDOWS\system32;C:\WINDOWS;C:\WINDOWS\System32\Wbem;C:\WINDOWS\System32\WindowsPowerShell\v1.0\;C:\Python27\Scripts\;C:\Program Files\Git";C:\Program Files\Git\cmd;C:\RailsInstaller\Git\cmd;C:\RailsInstaller\Ruby2.3.3\bin;C:\Users\hp\AppData\Local\Microsoft\WindowsApps;C:\Program Files\Microsoft VS Code\bin;C:\Program Files\heroku\bin;C:\Users\hp\Jeevantika\Heroku\bin;C:\Python27;C:\Users\hp\AppData\Local\Microsoft\WindowsApps;C:\Java\jre\bin;C:\zookeeper-3.4.14\bin;
USERNAME=hp
OS=Windows_NT
PROCESSOR_IDENTIFIER=Intel64 Family 6 Model 142 Stepping 10, GenuineIntel



---------------  S Y S T E M  ---------------

OS: Windows 10.0 , 64 bit Build 17763 (10.0.17763.379)

CPU:total 8 (initial active 8) (4 cores per cpu, 2 threads per core) family 6 model 142 stepping 10, cmov, cx8, fxsr, mmx, sse, sse2, sse3, ssse3, sse4.1, sse4.2, popcnt, avx, avx2, aes, clmul, erms, 3dnowpref, lzcnt, ht, tsc, tscinvbit, bmi1, bmi2, adx

Memory: 4k page, physical 8272100k(564768k free), swap 17473736k(5196k free)

vm_info: Java HotSpot(TM) 64-Bit Server VM (25.201-b09) for windows-amd64 JRE (1.8.0_201-b09), built on Dec 15 2018 18:36:39 by "java_re" with MS VC++ 10.0 (VS2010)

time: Mon Apr 15 17:43:04 2019
timezone: GMT Daylight Time
elapsed time: 0 seconds (0d 0h 0m 0s)

